0 info it worked if it ends with ok
1 verbose cli [ 'C:\\Program Files\\nodejs\\node.exe',
1 verbose cli   'C:\\Program Files\\nodejs\\node_modules\\npm\\bin\\npm-cli.js',
1 verbose cli   'start' ]
2 info using npm@3.10.10
3 info using node@v6.10.1
4 verbose run-script [ 'prestart', 'start', 'poststart' ]
5 info lifecycle customreactstarterkit@1.0.0~prestart: customreactstarterkit@1.0.0
6 silly lifecycle customreactstarterkit@1.0.0~prestart: no script for prestart, continuing
7 info lifecycle customreactstarterkit@1.0.0~start: customreactstarterkit@1.0.0
8 verbose lifecycle customreactstarterkit@1.0.0~start: unsafe-perm in lifecycle true
9 verbose lifecycle customreactstarterkit@1.0.0~start: PATH: C:\Program Files\nodejs\node_modules\npm\bin\node-gyp-bin;C:\Users\abhishek.g\Desktop\CustomReactStarterKit\node_modules\.bin;C:\Program Files\Java\jdk1.8.0_45\bin;.;C:\ProgramData\Oracle\Java\javapath;C:\Program Files\Common Files\Microsoft Shared\Microsoft Online Services;C:\Program Files (x86)\Common Files\Microsoft Shared\Microsoft Online Services;C:\Program Files (x86)\Intel\iCLS Client\;C:\Program Files\Intel\iCLS Client\;C:\windows\system32;C:\windows;C:\windows\System32\Wbem;C:\windows\System32\WindowsPowerShell\v1.0\;C:\Program Files\Intel\Intel(R) Management Engine Components\DAL;C:\Program Files\Intel\Intel(R) Management Engine Components\IPT;C:\Program Files (x86)\Intel\Intel(R) Management Engine Components\DAL;C:\Program Files (x86)\Intel\Intel(R) Management Engine Components\IPT;C:\Program Files (x86)\Common Files\lenovo\easyplussdk\bin;C:\ProgramData\Lenovo\ReadyApps;C:\Program Files\TortoiseSVN\bin;E:\kohler\software\apache-maven-3.3.9\bin;C:\Program Files\nodejs\;C:\Program Files\Git\cmd;C:\Program Files (x86)\Brackets\command;C:\Program Files (x86)\Skype\Phone\;C:\Program Files (x86)\PuTTY\;C:\Users\abhishek.g\AppD;C:\Users\abhishek.g\AppData\Roaming\npm;C:\Users\abhishek.g\AppData\Local\atom\bin;C:\Program Files (x86)\Microsoft VS Code\bin
10 verbose lifecycle customreactstarterkit@1.0.0~start: CWD: C:\Users\abhishek.g\Desktop\CustomReactStarterKit
11 silly lifecycle customreactstarterkit@1.0.0~start: Args: [ '/d /s /c', 'webpack-dev-server' ]
12 silly lifecycle customreactstarterkit@1.0.0~start: Returned: code: 3221225786  signal: null
13 info lifecycle customreactstarterkit@1.0.0~start: Failed to exec start script
14 verbose stack Error: customreactstarterkit@1.0.0 start: `webpack-dev-server`
14 verbose stack Exit status 3221225786
14 verbose stack     at EventEmitter.<anonymous> (C:\Program Files\nodejs\node_modules\npm\lib\utils\lifecycle.js:255:16)
14 verbose stack     at emitTwo (events.js:106:13)
14 verbose stack     at EventEmitter.emit (events.js:191:7)
14 verbose stack     at ChildProcess.<anonymous> (C:\Program Files\nodejs\node_modules\npm\lib\utils\spawn.js:40:14)
14 verbose stack     at emitTwo (events.js:106:13)
14 verbose stack     at ChildProcess.emit (events.js:191:7)
14 verbose stack     at maybeClose (internal/child_process.js:886:16)
14 verbose stack     at Process.ChildProcess._handle.onexit (internal/child_process.js:226:5)
15 verbose pkgid customreactstarterkit@1.0.0
16 verbose cwd C:\Users\abhishek.g\Desktop\CustomReactStarterKit
17 error Windows_NT 6.3.9600
18 error argv "C:\\Program Files\\nodejs\\node.exe" "C:\\Program Files\\nodejs\\node_modules\\npm\\bin\\npm-cli.js" "start"
19 error node v6.10.1
20 error npm  v3.10.10
21 error code ELIFECYCLE
22 error customreactstarterkit@1.0.0 start: `webpack-dev-server`
22 error Exit status 3221225786
23 error Failed at the customreactstarterkit@1.0.0 start script 'webpack-dev-server'.
23 error Make sure you have the latest version of node.js and npm installed.
23 error If you do, this is most likely a problem with the customreactstarterkit package,
23 error not with npm itself.
23 error Tell the author that this fails on your system:
23 error     webpack-dev-server
23 error You can get information on how to open an issue for this project with:
23 error     npm bugs customreactstarterkit
23 error Or if that isn't available, you can get their info via:
23 error     npm owner ls customreactstarterkit
23 error There is likely additional logging output above.
24 verbose exit [ 1, true ]
